<?xml version="1.0" encoding="UTF-8"?>
<!-- Generated by org.testng.reporters.JUnitXMLReporter -->
<testsuite hostname="leomahesh-PC" name="Default test" tests="4" failures="0" timestamp="4 Oct 2019 14:27:21 GMT" time="86.713" errors="0">
  <testcase name="Test4" time="9.726" classname="com.SpiceTG.TestCases.CopyOfHomePagesTestCase"/>
  <testcase name="Test4" time="10.956" classname="com.SpiceTG.TestCases.CopyOfHomePagesTestCase"/>
  <testcase name="Test4" time="9.43" classname="com.SpiceTG.TestCases.CopyOfHomePagesTestCase"/>
  <testcase name="Test4" time="2.11" classname="com.SpiceTG.TestCases.CopyOfHomePagesTestCase"/>
</testsuite> <!-- Default test -->
