<?xml version="1.0" encoding="UTF-8"?>
<!-- Generated by org.testng.reporters.JUnitXMLReporter -->
<testsuite hostname="leomahesh-PC" ignored="0" name="Test" tests="28" failures="0" timestamp="07 Oct 2019 13:53:31 GMT" time="26.689" errors="0">
  <testcase name="@BeforeMethod beforeClass" time="0.0" classname="com.SpiceTG.Utility.SpiceTG_GlobalVariables">
    <failure type="org.openqa.selenium.WebDriverException" message="unknown error: failed to change window state to normal, current state is minimized
  (Session info: chrome=77.0.3865.90)
  (Driver info: chromedriver=76.0.3809.126 (d80a294506b4c9d18015e755cee48f953ddc3f2f-refs/branch-heads/3809@{#1024}),platform=Windows NT 6.1.7601 SP1 x86_64) (WARNING: The server did not provide any stacktrace information)
Command duration or timeout: 169 milliseconds
Build info: version: &amp;apos;2.53.0&amp;apos;, revision: &amp;apos;35ae25b&amp;apos;, time: &amp;apos;2016-03-15 17:00:58&amp;apos;
System info: host: &amp;apos;leomahesh-PC&amp;apos;, ip: &amp;apos;10.10.4.189&amp;apos;, os.name: &amp;apos;Windows 7&amp;apos;, os.arch: &amp;apos;amd64&amp;apos;, os.version: &amp;apos;6.1&amp;apos;, java.version: &amp;apos;1.8.0_20&amp;apos;
Driver info: org.openqa.selenium.chrome.ChromeDriver
Capabilities [{mobileEmulationEnabled=false, timeouts={implicit=0, pageLoad=300000, script=30000}, hasTouchScreen=false, platform=XP, acceptSslCerts=false, goog:chromeOptions={debuggerAddress=localhost:60701}, acceptInsecureCerts=false, webStorageEnabled=true, browserName=chrome, takesScreenshot=true, javascriptEnabled=true, setWindowRect=true, unexpectedAlertBehaviour=ignore, applicationCacheEnabled=false, rotatable=false, networkConnectionEnabled=false, chrome={chromedriverVersion=76.0.3809.126 (d80a294506b4c9d18015e755cee48f953ddc3f2f-refs/branch-heads/3809@{#1024}), userDataDir=C:\Users\LEOMAH~1\AppData\Local\Temp\scoped_dir2700_1470468725}, takesHeapSnapshot=true, pageLoadStrategy=normal, strictFileInteractability=false, databaseEnabled=false, handlesAlerts=true, version=77.0.3865.90, browserConnectionEnabled=false, proxy={}, nativeEvents=true, locationContextEnabled=true, cssSelectorsEnabled=true}]
Session ID: db46bb506c0b58125eec44278162f874">
      <![CDATA[org.openqa.selenium.WebDriverException: unknown error: failed to change window state to normal, current state is minimized
  (Session info: chrome=77.0.3865.90)
  (Driver info: chromedriver=76.0.3809.126 (d80a294506b4c9d18015e755cee48f953ddc3f2f-refs/branch-heads/3809@{#1024}),platform=Windows NT 6.1.7601 SP1 x86_64) (WARNING: The server did not provide any stacktrace information)
Command duration or timeout: 169 milliseconds
Build info: version: '2.53.0', revision: '35ae25b', time: '2016-03-15 17:00:58'
System info: host: 'leomahesh-PC', ip: '10.10.4.189', os.name: 'Windows 7', os.arch: 'amd64', os.version: '6.1', java.version: '1.8.0_20'
Driver info: org.openqa.selenium.chrome.ChromeDriver
Capabilities [{mobileEmulationEnabled=false, timeouts={implicit=0, pageLoad=300000, script=30000}, hasTouchScreen=false, platform=XP, acceptSslCerts=false, goog:chromeOptions={debuggerAddress=localhost:60701}, acceptInsecureCerts=false, webStorageEnabled=true, browserName=chrome, takesScreenshot=true, javascriptEnabled=true, setWindowRect=true, unexpectedAlertBehaviour=ignore, applicationCacheEnabled=false, rotatable=false, networkConnectionEnabled=false, chrome={chromedriverVersion=76.0.3809.126 (d80a294506b4c9d18015e755cee48f953ddc3f2f-refs/branch-heads/3809@{#1024}), userDataDir=C:\Users\LEOMAH~1\AppData\Local\Temp\scoped_dir2700_1470468725}, takesHeapSnapshot=true, pageLoadStrategy=normal, strictFileInteractability=false, databaseEnabled=false, handlesAlerts=true, version=77.0.3865.90, browserConnectionEnabled=false, proxy={}, nativeEvents=true, locationContextEnabled=true, cssSelectorsEnabled=true}]
Session ID: db46bb506c0b58125eec44278162f874
	at org.openqa.selenium.remote.ErrorHandler.createThrowable(ErrorHandler.java:206)
	at org.openqa.selenium.remote.ErrorHandler.throwIfResponseFailed(ErrorHandler.java:158)
	at org.openqa.selenium.remote.RemoteWebDriver.execute(RemoteWebDriver.java:678)
	at org.openqa.selenium.remote.RemoteWebDriver$RemoteWebDriverOptions$RemoteWindow.maximize(RemoteWebDriver.java:945)
	at com.SpiceTG.Utility.SpiceTG_GlobalVariables.initialize(SpiceTG_GlobalVariables.java:65)
	at com.SpiceTG.Utility.SpiceTG_GlobalVariables.beforeClass(SpiceTG_GlobalVariables.java:33)
... Removed 31 stack frames]]>
    </failure>
  </testcase> <!-- @BeforeMethod beforeClass -->
  <testcase name="@AfterMethod afterClass" time="0.0" classname="com.SpiceTG.Utility.SpiceTG_GlobalVariables">
    <skipped/>
  </testcase> <!-- @AfterMethod afterClass -->
  <testcase name="@BeforeMethod beforeClass" time="0.0" classname="com.SpiceTG.Utility.SpiceTG_GlobalVariables">
    <skipped/>
  </testcase> <!-- @BeforeMethod beforeClass -->
  <testcase name="@AfterMethod afterClass" time="0.0" classname="com.SpiceTG.Utility.SpiceTG_GlobalVariables">
    <skipped/>
  </testcase> <!-- @AfterMethod afterClass -->
  <testcase name="@BeforeMethod beforeClass" time="0.0" classname="com.SpiceTG.Utility.SpiceTG_GlobalVariables">
    <skipped/>
  </testcase> <!-- @BeforeMethod beforeClass -->
  <testcase name="@AfterMethod afterClass" time="0.0" classname="com.SpiceTG.Utility.SpiceTG_GlobalVariables">
    <skipped/>
  </testcase> <!-- @AfterMethod afterClass -->
  <testcase name="@BeforeMethod beforeClass" time="0.0" classname="com.SpiceTG.Utility.SpiceTG_GlobalVariables">
    <skipped/>
  </testcase> <!-- @BeforeMethod beforeClass -->
  <testcase name="@AfterMethod afterClass" time="0.0" classname="com.SpiceTG.Utility.SpiceTG_GlobalVariables">
    <skipped/>
  </testcase> <!-- @AfterMethod afterClass -->
  <testcase name="@BeforeMethod beforeClass" time="0.0" classname="com.SpiceTG.Utility.SpiceTG_GlobalVariables">
    <skipped/>
  </testcase> <!-- @BeforeMethod beforeClass -->
  <testcase name="@AfterMethod afterClass" time="0.0" classname="com.SpiceTG.Utility.SpiceTG_GlobalVariables">
    <skipped/>
  </testcase> <!-- @AfterMethod afterClass -->
  <testcase name="@BeforeMethod beforeClass" time="0.0" classname="com.SpiceTG.Utility.SpiceTG_GlobalVariables">
    <skipped/>
  </testcase> <!-- @BeforeMethod beforeClass -->
  <testcase name="@AfterMethod afterClass" time="0.0" classname="com.SpiceTG.Utility.SpiceTG_GlobalVariables">
    <skipped/>
  </testcase> <!-- @AfterMethod afterClass -->
  <testcase name="@BeforeMethod beforeClass" time="0.0" classname="com.SpiceTG.Utility.SpiceTG_GlobalVariables">
    <skipped/>
  </testcase> <!-- @BeforeMethod beforeClass -->
  <testcase name="@AfterMethod afterClass" time="0.0" classname="com.SpiceTG.Utility.SpiceTG_GlobalVariables">
    <skipped/>
  </testcase> <!-- @AfterMethod afterClass -->
  <testcase name="@BeforeMethod beforeClass" time="0.0" classname="com.SpiceTG.Utility.SpiceTG_GlobalVariables">
    <skipped/>
  </testcase> <!-- @BeforeMethod beforeClass -->
  <testcase name="@AfterMethod afterClass" time="0.0" classname="com.SpiceTG.Utility.SpiceTG_GlobalVariables">
    <skipped/>
  </testcase> <!-- @AfterMethod afterClass -->
  <testcase name="@BeforeMethod beforeClass" time="0.0" classname="com.SpiceTG.Utility.SpiceTG_GlobalVariables">
    <skipped/>
  </testcase> <!-- @BeforeMethod beforeClass -->
  <testcase name="@AfterMethod afterClass" time="0.0" classname="com.SpiceTG.Utility.SpiceTG_GlobalVariables">
    <skipped/>
  </testcase> <!-- @AfterMethod afterClass -->
  <testcase name="@BeforeMethod beforeClass" time="0.0" classname="com.SpiceTG.Utility.SpiceTG_GlobalVariables">
    <skipped/>
  </testcase> <!-- @BeforeMethod beforeClass -->
  <testcase name="@AfterMethod afterClass" time="0.0" classname="com.SpiceTG.Utility.SpiceTG_GlobalVariables">
    <skipped/>
  </testcase> <!-- @AfterMethod afterClass -->
  <testcase name="@BeforeMethod beforeClass" time="0.0" classname="com.SpiceTG.Utility.SpiceTG_GlobalVariables">
    <skipped/>
  </testcase> <!-- @BeforeMethod beforeClass -->
  <testcase name="@AfterMethod afterClass" time="0.0" classname="com.SpiceTG.Utility.SpiceTG_GlobalVariables">
    <skipped/>
  </testcase> <!-- @AfterMethod afterClass -->
  <testcase name="@BeforeMethod beforeClass" time="0.0" classname="com.SpiceTG.Utility.SpiceTG_GlobalVariables">
    <skipped/>
  </testcase> <!-- @BeforeMethod beforeClass -->
  <testcase name="@AfterMethod afterClass" time="0.0" classname="com.SpiceTG.Utility.SpiceTG_GlobalVariables">
    <skipped/>
  </testcase> <!-- @AfterMethod afterClass -->
  <testcase name="@BeforeMethod beforeClass" time="0.0" classname="com.SpiceTG.Utility.SpiceTG_GlobalVariables">
    <skipped/>
  </testcase> <!-- @BeforeMethod beforeClass -->
  <testcase name="@AfterMethod afterClass" time="0.0" classname="com.SpiceTG.Utility.SpiceTG_GlobalVariables">
    <skipped/>
  </testcase> <!-- @AfterMethod afterClass -->
  <testcase name="@BeforeMethod beforeClass" time="0.0" classname="com.SpiceTG.Utility.SpiceTG_GlobalVariables">
    <skipped/>
  </testcase> <!-- @BeforeMethod beforeClass -->
  <testcase name="@AfterMethod afterClass" time="0.0" classname="com.SpiceTG.Utility.SpiceTG_GlobalVariables">
    <skipped/>
  </testcase> <!-- @AfterMethod afterClass -->
  <testcase name="@BeforeMethod beforeClass" time="0.0" classname="com.SpiceTG.Utility.SpiceTG_GlobalVariables">
    <skipped/>
  </testcase> <!-- @BeforeMethod beforeClass -->
  <testcase name="@AfterMethod afterClass" time="0.0" classname="com.SpiceTG.Utility.SpiceTG_GlobalVariables">
    <skipped/>
  </testcase> <!-- @AfterMethod afterClass -->
  <testcase name="@BeforeMethod beforeClass" time="0.0" classname="com.SpiceTG.Utility.SpiceTG_GlobalVariables">
    <skipped/>
  </testcase> <!-- @BeforeMethod beforeClass -->
  <testcase name="@AfterMethod afterClass" time="0.0" classname="com.SpiceTG.Utility.SpiceTG_GlobalVariables">
    <skipped/>
  </testcase> <!-- @AfterMethod afterClass -->
  <testcase name="@BeforeMethod beforeClass" time="0.0" classname="com.SpiceTG.Utility.SpiceTG_GlobalVariables">
    <skipped/>
  </testcase> <!-- @BeforeMethod beforeClass -->
  <testcase name="@AfterMethod afterClass" time="0.0" classname="com.SpiceTG.Utility.SpiceTG_GlobalVariables">
    <skipped/>
  </testcase> <!-- @AfterMethod afterClass -->
  <testcase name="@BeforeMethod beforeClass" time="0.0" classname="com.SpiceTG.Utility.SpiceTG_GlobalVariables">
    <skipped/>
  </testcase> <!-- @BeforeMethod beforeClass -->
  <testcase name="@AfterMethod afterClass" time="0.0" classname="com.SpiceTG.Utility.SpiceTG_GlobalVariables">
    <skipped/>
  </testcase> <!-- @AfterMethod afterClass -->
  <testcase name="@BeforeMethod beforeClass" time="0.0" classname="com.SpiceTG.Utility.SpiceTG_GlobalVariables">
    <skipped/>
  </testcase> <!-- @BeforeMethod beforeClass -->
  <testcase name="@AfterMethod afterClass" time="0.0" classname="com.SpiceTG.Utility.SpiceTG_GlobalVariables">
    <skipped/>
  </testcase> <!-- @AfterMethod afterClass -->
  <testcase name="@BeforeMethod beforeClass" time="0.0" classname="com.SpiceTG.Utility.SpiceTG_GlobalVariables">
    <skipped/>
  </testcase> <!-- @BeforeMethod beforeClass -->
  <testcase name="@AfterMethod afterClass" time="0.0" classname="com.SpiceTG.Utility.SpiceTG_GlobalVariables">
    <skipped/>
  </testcase> <!-- @AfterMethod afterClass -->
  <testcase name="@BeforeMethod beforeClass" time="0.0" classname="com.SpiceTG.Utility.SpiceTG_GlobalVariables">
    <skipped/>
  </testcase> <!-- @BeforeMethod beforeClass -->
  <testcase name="@AfterMethod afterClass" time="0.0" classname="com.SpiceTG.Utility.SpiceTG_GlobalVariables">
    <skipped/>
  </testcase> <!-- @AfterMethod afterClass -->
  <testcase name="@BeforeMethod beforeClass" time="0.0" classname="com.SpiceTG.Utility.SpiceTG_GlobalVariables">
    <skipped/>
  </testcase> <!-- @BeforeMethod beforeClass -->
  <testcase name="@AfterMethod afterClass" time="0.0" classname="com.SpiceTG.Utility.SpiceTG_GlobalVariables">
    <skipped/>
  </testcase> <!-- @AfterMethod afterClass -->
  <testcase name="@BeforeMethod beforeClass" time="0.0" classname="com.SpiceTG.Utility.SpiceTG_GlobalVariables">
    <skipped/>
  </testcase> <!-- @BeforeMethod beforeClass -->
  <testcase name="@AfterMethod afterClass" time="0.0" classname="com.SpiceTG.Utility.SpiceTG_GlobalVariables">
    <skipped/>
  </testcase> <!-- @AfterMethod afterClass -->
  <testcase name="@BeforeMethod beforeClass" time="0.0" classname="com.SpiceTG.Utility.SpiceTG_GlobalVariables">
    <skipped/>
  </testcase> <!-- @BeforeMethod beforeClass -->
  <testcase name="@AfterMethod afterClass" time="0.0" classname="com.SpiceTG.Utility.SpiceTG_GlobalVariables">
    <skipped/>
  </testcase> <!-- @AfterMethod afterClass -->
  <testcase name="@BeforeMethod beforeClass" time="0.0" classname="com.SpiceTG.Utility.SpiceTG_GlobalVariables">
    <skipped/>
  </testcase> <!-- @BeforeMethod beforeClass -->
  <testcase name="@AfterMethod afterClass" time="0.0" classname="com.SpiceTG.Utility.SpiceTG_GlobalVariables">
    <skipped/>
  </testcase> <!-- @AfterMethod afterClass -->
  <testcase name="@BeforeMethod beforeClass" time="0.0" classname="com.SpiceTG.Utility.SpiceTG_GlobalVariables">
    <skipped/>
  </testcase> <!-- @BeforeMethod beforeClass -->
  <testcase name="@AfterMethod afterClass" time="0.0" classname="com.SpiceTG.Utility.SpiceTG_GlobalVariables">
    <skipped/>
  </testcase> <!-- @AfterMethod afterClass -->
  <testcase name="@BeforeMethod beforeClass" time="0.0" classname="com.SpiceTG.Utility.SpiceTG_GlobalVariables">
    <skipped/>
  </testcase> <!-- @BeforeMethod beforeClass -->
  <testcase name="@AfterMethod afterClass" time="0.0" classname="com.SpiceTG.Utility.SpiceTG_GlobalVariables">
    <skipped/>
  </testcase> <!-- @AfterMethod afterClass -->
  <testcase name="Test1" time="0.04" classname="com.SpiceTG.TestCases.Updated_HomePagesTestCase"/>
  <testcase name="Test2" time="0.005" classname="com.SpiceTG.TestCases.Updated_HomePagesTestCase">
    <skipped/>
  </testcase> <!-- Test2 -->
  <testcase name="Test3" time="0.002" classname="com.SpiceTG.TestCases.Updated_HomePagesTestCase">
    <skipped/>
  </testcase> <!-- Test3 -->
  <testcase name="Test5" time="0.001" classname="com.SpiceTG.TestCases.Updated_HomePagesTestCase">
    <skipped/>
  </testcase> <!-- Test5 -->
  <testcase name="Test1" time="0.002" classname="com.SpiceTG.TestCases.CopyOfHomePagesTestCase">
    <skipped/>
  </testcase> <!-- Test1 -->
  <testcase name="Test2" time="0.001" classname="com.SpiceTG.TestCases.CopyOfHomePagesTestCase">
    <skipped/>
  </testcase> <!-- Test2 -->
  <testcase name="Test3" time="0.008" classname="com.SpiceTG.TestCases.CopyOfHomePagesTestCase">
    <skipped/>
  </testcase> <!-- Test3 -->
  <testcase name="Test4" time="0.001" classname="com.SpiceTG.TestCases.CopyOfHomePagesTestCase">
    <skipped/>
  </testcase> <!-- Test4 -->
  <testcase name="Test4" time="0.001" classname="com.SpiceTG.TestCases.CopyOfHomePagesTestCase">
    <skipped/>
  </testcase> <!-- Test4 -->
  <testcase name="Test4" time="0.003" classname="com.SpiceTG.TestCases.CopyOfHomePagesTestCase">
    <skipped/>
  </testcase> <!-- Test4 -->
  <testcase name="Test4" time="0.001" classname="com.SpiceTG.TestCases.CopyOfHomePagesTestCase">
    <skipped/>
  </testcase> <!-- Test4 -->
  <testcase name="Test5" time="0.001" classname="com.SpiceTG.TestCases.CopyOfHomePagesTestCase">
    <skipped/>
  </testcase> <!-- Test5 -->
  <testcase name="Test5" time="0.002" classname="com.SpiceTG.TestCases.CopyOfHomePagesTestCase">
    <skipped/>
  </testcase> <!-- Test5 -->
  <testcase name="Test5" time="0.002" classname="com.SpiceTG.TestCases.CopyOfHomePagesTestCase">
    <skipped/>
  </testcase> <!-- Test5 -->
  <testcase name="Test5" time="0.001" classname="com.SpiceTG.TestCases.CopyOfHomePagesTestCase">
    <skipped/>
  </testcase> <!-- Test5 -->
  <testcase name="Test6" time="0.001" classname="com.SpiceTG.TestCases.CopyOfHomePagesTestCase">
    <skipped/>
  </testcase> <!-- Test6 -->
  <testcase name="Test6" time="0.001" classname="com.SpiceTG.TestCases.CopyOfHomePagesTestCase">
    <skipped/>
  </testcase> <!-- Test6 -->
  <testcase name="Test6" time="0.002" classname="com.SpiceTG.TestCases.CopyOfHomePagesTestCase">
    <skipped/>
  </testcase> <!-- Test6 -->
  <testcase name="Test6" time="0.002" classname="com.SpiceTG.TestCases.CopyOfHomePagesTestCase">
    <skipped/>
  </testcase> <!-- Test6 -->
  <testcase name="Test6" time="0.001" classname="com.SpiceTG.TestCases.CopyOfHomePagesTestCase">
    <skipped/>
  </testcase> <!-- Test6 -->
  <testcase name="Test6" time="0.001" classname="com.SpiceTG.TestCases.CopyOfHomePagesTestCase">
    <skipped/>
  </testcase> <!-- Test6 -->
  <testcase name="Test6" time="0.001" classname="com.SpiceTG.TestCases.CopyOfHomePagesTestCase">
    <skipped/>
  </testcase> <!-- Test6 -->
  <testcase name="Test6" time="0.001" classname="com.SpiceTG.TestCases.CopyOfHomePagesTestCase">
    <skipped/>
  </testcase> <!-- Test6 -->
  <testcase name="Test7" time="0.001" classname="com.SpiceTG.TestCases.CopyOfHomePagesTestCase">
    <skipped/>
  </testcase> <!-- Test7 -->
  <testcase name="Test1" time="0.001" classname="com.SpiceTG.TestCases.HomePagesTestCase">
    <skipped/>
  </testcase> <!-- Test1 -->
  <testcase name="Test2" time="0.001" classname="com.SpiceTG.TestCases.HomePagesTestCase">
    <skipped/>
  </testcase> <!-- Test2 -->
  <testcase name="Test3" time="0.0" classname="com.SpiceTG.TestCases.HomePagesTestCase">
    <skipped/>
  </testcase> <!-- Test3 -->
  <testcase name="Test4" time="0.001" classname="com.SpiceTG.TestCases.HomePagesTestCase">
    <skipped/>
  </testcase> <!-- Test4 -->
</testsuite> <!-- Test -->
