<?xml version="1.0" encoding="UTF-8"?>
<testng-results skipped="0" failed="0" total="1" passed="1">
  <reporter-output>
  </reporter-output>
  <suite name="Default suite" duration-ms="6732" started-at="2019-09-27T14:31:40Z" finished-at="2019-09-27T14:31:47Z">
    <groups>
    </groups>
    <test name="Default test" duration-ms="6732" started-at="2019-09-27T14:31:40Z" finished-at="2019-09-27T14:31:47Z">
      <class name="com.SpiceTG.TestCases.CopyOfHomePagesTestCase">
        <test-method status="PASS" signature="beforeClass()[pri:0, instance:com.SpiceTG.TestCases.CopyOfHomePagesTestCase@32d992b2]" name="beforeClass" is-config="true" duration-ms="4997" started-at="2019-09-27T20:01:40Z" finished-at="2019-09-27T20:01:45Z">
          <reporter-output>
          </reporter-output>
        </test-method> <!-- beforeClass -->
        <test-method status="PASS" signature="Test7()[pri:0, instance:com.SpiceTG.TestCases.CopyOfHomePagesTestCase@32d992b2]" name="Test7" duration-ms="878" started-at="2019-09-27T20:01:45Z" finished-at="2019-09-27T20:01:46Z">
          <reporter-output>
          </reporter-output>
        </test-method> <!-- Test7 -->
        <test-method status="PASS" signature="afterClass()[pri:0, instance:com.SpiceTG.TestCases.CopyOfHomePagesTestCase@32d992b2]" name="afterClass" is-config="true" duration-ms="845" started-at="2019-09-27T20:01:46Z" finished-at="2019-09-27T20:01:47Z">
          <reporter-output>
          </reporter-output>
        </test-method> <!-- afterClass -->
      </class> <!-- com.SpiceTG.TestCases.CopyOfHomePagesTestCase -->
    </test> <!-- Default test -->
  </suite> <!-- Default suite -->
</testng-results>
