<?xml version="1.0" encoding="UTF-8"?>
<testng-results skipped="0" failed="0" ignored="6" total="10" passed="4">
  <reporter-output>
  </reporter-output>
  <suite name="Default suite" duration-ms="168872" started-at="2019-10-08T06:20:48Z" finished-at="2019-10-08T06:23:37Z">
    <groups>
    </groups>
    <test name="Default test" duration-ms="168872" started-at="2019-10-08T06:20:48Z" finished-at="2019-10-08T06:23:37Z">
      <class name="com.SpiceTG.TestCases.CopyOfHomePagesTestCase">
        <test-method status="PASS" signature="beforeClass()[pri:0, instance:com.SpiceTG.TestCases.CopyOfHomePagesTestCase@7c16905e]" name="beforeClass" is-config="true" duration-ms="18417" started-at="2019-10-08T11:50:48Z" finished-at="2019-10-08T11:51:07Z">
          <reporter-output>
          </reporter-output>
        </test-method> <!-- beforeClass -->
        <test-method status="PASS" signature="Test4(java.lang.String, java.lang.String)[pri:0, instance:com.SpiceTG.TestCases.CopyOfHomePagesTestCase@7c16905e]" name="Test4" duration-ms="58738" started-at="2019-10-08T11:51:07Z" data-provider="SpiceTG_UserName_and_Password" finished-at="2019-10-08T11:52:06Z">
          <params>
            <param index="0">
              <value>
                <![CDATA[prasadn@leotechnosoft.net]]>
              </value>
            </param>
            <param index="1">
              <value>
                <![CDATA[]]>
              </value>
            </param>
          </params>
          <reporter-output>
          </reporter-output>
        </test-method> <!-- Test4 -->
        <test-method status="PASS" signature="afterClass()[pri:0, instance:com.SpiceTG.TestCases.CopyOfHomePagesTestCase@7c16905e]" name="afterClass" is-config="true" duration-ms="353" started-at="2019-10-08T11:52:06Z" finished-at="2019-10-08T11:52:06Z">
          <reporter-output>
          </reporter-output>
        </test-method> <!-- afterClass -->
        <test-method status="PASS" signature="beforeClass()[pri:0, instance:com.SpiceTG.TestCases.CopyOfHomePagesTestCase@7c16905e]" name="beforeClass" is-config="true" duration-ms="30358" started-at="2019-10-08T11:52:06Z" finished-at="2019-10-08T11:52:36Z">
          <reporter-output>
          </reporter-output>
        </test-method> <!-- beforeClass -->
        <test-method status="PASS" signature="Test4(java.lang.String, java.lang.String)[pri:0, instance:com.SpiceTG.TestCases.CopyOfHomePagesTestCase@7c16905e]" name="Test4" duration-ms="16706" started-at="2019-10-08T11:52:36Z" data-provider="SpiceTG_UserName_and_Password" finished-at="2019-10-08T11:52:53Z">
          <params>
            <param index="0">
              <value>
                <![CDATA[neel.sharma@spicetg.com]]>
              </value>
            </param>
            <param index="1">
              <value>
                <![CDATA[spice_12345]]>
              </value>
            </param>
          </params>
          <reporter-output>
          </reporter-output>
        </test-method> <!-- Test4 -->
        <test-method status="PASS" signature="afterClass()[pri:0, instance:com.SpiceTG.TestCases.CopyOfHomePagesTestCase@7c16905e]" name="afterClass" is-config="true" duration-ms="370" started-at="2019-10-08T11:52:53Z" finished-at="2019-10-08T11:52:53Z">
          <reporter-output>
          </reporter-output>
        </test-method> <!-- afterClass -->
        <test-method status="PASS" signature="beforeClass()[pri:0, instance:com.SpiceTG.TestCases.CopyOfHomePagesTestCase@7c16905e]" name="beforeClass" is-config="true" duration-ms="14300" started-at="2019-10-08T11:52:53Z" finished-at="2019-10-08T11:53:08Z">
          <reporter-output>
          </reporter-output>
        </test-method> <!-- beforeClass -->
        <test-method status="PASS" signature="Test4(java.lang.String, java.lang.String)[pri:0, instance:com.SpiceTG.TestCases.CopyOfHomePagesTestCase@7c16905e]" name="Test4" duration-ms="8823" started-at="2019-10-08T11:53:08Z" data-provider="SpiceTG_UserName_and_Password" finished-at="2019-10-08T11:53:16Z">
          <params>
            <param index="0">
              <value>
                <![CDATA[mark@leotechnosoft.net]]>
              </value>
            </param>
            <param index="1">
              <value>
                <![CDATA[leo_1]]>
              </value>
            </param>
          </params>
          <reporter-output>
          </reporter-output>
        </test-method> <!-- Test4 -->
        <test-method status="PASS" signature="afterClass()[pri:0, instance:com.SpiceTG.TestCases.CopyOfHomePagesTestCase@7c16905e]" name="afterClass" is-config="true" duration-ms="104" started-at="2019-10-08T11:53:16Z" finished-at="2019-10-08T11:53:17Z">
          <reporter-output>
          </reporter-output>
        </test-method> <!-- afterClass -->
        <test-method status="PASS" signature="beforeClass()[pri:0, instance:com.SpiceTG.TestCases.CopyOfHomePagesTestCase@7c16905e]" name="beforeClass" is-config="true" duration-ms="17597" started-at="2019-10-08T11:53:17Z" finished-at="2019-10-08T11:53:34Z">
          <reporter-output>
          </reporter-output>
        </test-method> <!-- beforeClass -->
        <test-method status="PASS" signature="Test4(java.lang.String, java.lang.String)[pri:0, instance:com.SpiceTG.TestCases.CopyOfHomePagesTestCase@7c16905e]" name="Test4" duration-ms="2092" started-at="2019-10-08T11:53:34Z" data-provider="SpiceTG_UserName_and_Password" finished-at="2019-10-08T11:53:36Z">
          <params>
            <param index="0">
              <value is-null="true"/>
            </param>
            <param index="1">
              <value is-null="true"/>
            </param>
          </params>
          <reporter-output>
          </reporter-output>
        </test-method> <!-- Test4 -->
        <test-method status="PASS" signature="afterClass()[pri:0, instance:com.SpiceTG.TestCases.CopyOfHomePagesTestCase@7c16905e]" name="afterClass" is-config="true" duration-ms="295" started-at="2019-10-08T11:53:36Z" finished-at="2019-10-08T11:53:37Z">
          <reporter-output>
          </reporter-output>
        </test-method> <!-- afterClass -->
      </class> <!-- com.SpiceTG.TestCases.CopyOfHomePagesTestCase -->
    </test> <!-- Default test -->
  </suite> <!-- Default suite -->
</testng-results>
